<?xml version="1.0" encoding="UTF-8"?>
<coverage generated="1694280863033" clover="3.2.0">
  <project timestamp="1694280863033" name="All files">
    <metrics statements="8" coveredstatements="5" conditionals="7" coveredconditionals="4" methods="2" coveredmethods="2" elements="17" coveredelements="11" complexity="0" loc="8" ncloc="8" packages="1" files="2" classes="2"/>
    <file name="Text.tsx" path="/home/mwarman/Projects/leanstacks/repos/react-common/src/components/Text/Text.tsx">
      <metrics statements="8" coveredstatements="5" conditionals="7" coveredconditionals="4" methods="2" coveredmethods="2"/>
      <line num="6" count="1" type="stmt"/>
      <line num="12" count="1" type="stmt"/>
      <line num="13" count="1" type="cond" truecount="2" falsecount="3"/>
      <line num="15" count="0" type="stmt"/>
      <line num="17" count="0" type="stmt"/>
      <line num="19" count="0" type="stmt"/>
      <line num="22" count="1" type="stmt"/>
      <line num="26" count="1" type="stmt"/>
    </file>
    <file name="Text.types.ts" path="/home/mwarman/Projects/leanstacks/repos/react-common/src/components/Text/Text.types.ts">
      <metrics statements="0" coveredstatements="0" conditionals="0" coveredconditionals="0" methods="0" coveredmethods="0"/>
    </file>
  </project>
</coverage>
